Arguments: 
  /usr/local/bin/node /usr/local/Cellar/yarn/1.15.2/libexec/bin/yarn.js upgrade

PATH: 
  /usr/local/opt/php@7.2/sbin:/usr/local/opt/php@7.2/bin:/usr/local/sbin:/usr/local/bin:/Users/franzwilding/.composer/vendor/bin:/usr/bin:/bin:/usr/sbin:/sbin:/usr/local/bin:/opt/X11/bin

Yarn version: 
  1.15.2

Node version: 
  10.14.1

Platform: 
  darwin x64

Trace: 
  SyntaxError: /Users/franzwilding/Development/unite-cms/src/Bundle/CoreBundle/package.json: Unexpected token } in JSON at position 716
      at JSON.parse (<anonymous>)
      at /usr/local/Cellar/yarn/1.15.2/libexec/lib/cli.js:1625:59
      at Generator.next (<anonymous>)
      at step (/usr/local/Cellar/yarn/1.15.2/libexec/lib/cli.js:304:30)
      at /usr/local/Cellar/yarn/1.15.2/libexec/lib/cli.js:315:13

npm manifest: 
  {
    "name": "unite-cms-core-bundle",
    "license": "GPL3",
    "version": "1.0.0",
    "dependencies": {
      "@symfony/webpack-encore": "^0.27.0",
      "node-sass": "^4.12.0",
      "sass-loader": "^7.0.1",
      "ace-builds": "^1.4.5",
      "ace-diff": "^2.3.0",
      "brace": "^0.11.1",
      "feather-icons": "^4.22.1",
      "graphql-request": "^1.8.2",
      "moment": "^2.24.0",
      "object-hash": "^1.3.1",
      "resize-detector": "^0.2.0",
      "vue": "^2.6.10",
      "vue-loader": "^15.7.1",
      "core-js": "3",
      "uikit": "^3.1.6",
      "lodash": "^4.17.15"
    },
    "scripts": {
      "dev-server": "encore dev-server",
      "dev": "encore dev",
      "watch": "encore dev --watch",
      "build": "encore production --progress"
    },
  }

yarn manifest: 
  No manifest

Lockfile: 
  No lockfile
